<?xml version="1.0" encoding="UTF-8"?>
<!-- Generated by org.testng.reporters.JUnitXMLReporter -->
<testsuite ignored="4" hostname="FAMOLD1914" failures="0" tests="3" name="Surefire test" time="8.129" errors="0" timestamp="21 Mar 2024 10:51:27 GMT">
  <testcase classname="AddNewPetTest" name="checkPositivePostFullPet" time="3.947"/>
  <testcase classname="AddNewPetTest" name="checkPositivePostSimplePet" time="1.346"/>
  <testcase classname="CheckExistingPetTest" name="checkExistingSimplePet" time="2.757"/>
  <testcase classname="BaseTest" name="@AfterSuite TearDownSuite" time="0.0">
    <ignored/>
  </testcase> <!-- @AfterSuite TearDownSuite -->
  <testcase classname="BaseTest" name="@AfterSuite TearDownSuite" time="0.0">
    <ignored/>
  </testcase> <!-- @AfterSuite TearDownSuite -->
  <testcase classname="BaseTest" name="@BeforeSuite SetUpSuite" time="0.0">
    <ignored/>
  </testcase> <!-- @BeforeSuite SetUpSuite -->
  <testcase classname="BaseTest" name="@BeforeSuite SetUpSuite" time="0.0">
    <ignored/>
  </testcase> <!-- @BeforeSuite SetUpSuite -->
</testsuite> <!-- Surefire test -->
