<?xml version="1.0" encoding="UTF-8"?>
<testng-results ignored="4" total="7" passed="3" failed="0" skipped="0">
  <reporter-output>
  </reporter-output>
  <suite started-at="2024-03-21T10:51:19Z" name="Surefire suite" finished-at="2024-03-21T10:51:27Z" duration-ms="8129">
    <groups>
    </groups>
    <test started-at="2024-03-21T10:51:19Z" name="Surefire test" finished-at="2024-03-21T10:51:27Z" duration-ms="8129">
      <class name="AddNewPetTest">
        <test-method is-config="true" signature="SetUpSuite()[pri:0, instance:AddNewPetTest@49b2a47d]" started-at="2024-03-21T17:51:19Z" name="SetUpSuite" description="Configure URI and create default Pet object" finished-at="2024-03-21T17:51:19Z" duration-ms="359" status="PASS">
          <reporter-output>
          </reporter-output>
        </test-method> <!-- SetUpSuite -->
        <test-method signature="checkPositivePostFullPet()[pri:0, instance:AddNewPetTest@49b2a47d]" started-at="2024-03-21T17:51:19Z" name="checkPositivePostFullPet" description="Validation adding pet with all fields" finished-at="2024-03-21T17:51:23Z" duration-ms="3947" status="PASS">
          <reporter-output>
          </reporter-output>
        </test-method> <!-- checkPositivePostFullPet -->
        <test-method signature="checkPositivePostSimplePet()[pri:0, instance:AddNewPetTest@49b2a47d]" started-at="2024-03-21T17:51:23Z" name="checkPositivePostSimplePet" description="Validation adding default pet to store" finished-at="2024-03-21T17:51:25Z" duration-ms="1346" status="PASS">
          <reporter-output>
          </reporter-output>
        </test-method> <!-- checkPositivePostSimplePet -->
        <test-method is-config="true" signature="TearDownSuite()[pri:0, instance:AddNewPetTest@49b2a47d]" started-at="2024-03-21T17:51:27Z" name="TearDownSuite" finished-at="2024-03-21T17:51:27Z" duration-ms="2" status="PASS">
          <reporter-output>
          </reporter-output>
        </test-method> <!-- TearDownSuite -->
      </class> <!-- AddNewPetTest -->
      <class name="CheckExistingPetTest">
        <test-method signature="checkExistingSimplePet()[pri:0, instance:CheckExistingPetTest@5be1d0a4]" started-at="2024-03-21T17:51:25Z" name="checkExistingSimplePet" description="Check all fields for existing simple default Pet" finished-at="2024-03-21T17:51:27Z" duration-ms="2757" status="PASS">
          <reporter-output>
          </reporter-output>
        </test-method> <!-- checkExistingSimplePet -->
      </class> <!-- CheckExistingPetTest -->
    </test> <!-- Surefire test -->
  </suite> <!-- Surefire suite -->
</testng-results>
